#
# There is insufficient memory for the Java Runtime Environment to continue.
# Native memory allocation (malloc) failed to allocate 956496 bytes for Chunk::new
# Possible reasons:
#   The system is out of physical RAM or swap space
#   The process is running with CompressedOops enabled, and the Java Heap may be blocking the growth of the native heap
# Possible solutions:
#   Reduce memory load on the system
#   Increase physical memory or swap space
#   Check if swap backing store is full
#   Decrease Java heap size (-Xmx/-Xms)
#   Decrease number of Java threads
#   Decrease Java thread stack sizes (-Xss)
#   Set larger code cache with -XX:ReservedCodeCacheSize=
#   JVM is running with Zero Based Compressed Oops mode in which the Java heap is
#     placed in the first 32GB address space. The Java Heap base address is the
#     maximum limit for the native heap growth. Please use -XX:HeapBaseMinAddress
#     to set the Java Heap base and to place the Java Heap above 32GB virtual address.
# This output file may be truncated or incomplete.
#
#  Out of Memory Error (arena.cpp:189), pid=29416, tid=26232
#
# JRE version: OpenJDK Runtime Environment (17.0.1+12) (build 17.0.1+12-39)
# Java VM: OpenJDK 64-Bit Server VM (17.0.1+12-39, mixed mode, sharing, tiered, compressed oops, compressed class ptrs, g1 gc, windows-amd64)
# No core dump will be written. Minidumps are not enabled by default on client versions of Windows
#

---------------  S U M M A R Y ------------

Command Line: -javaagent:C:\Program Files\JetBrains\IntelliJ IDEA 2021.2.3\lib\idea_rt.jar=9489:C:\Program Files\JetBrains\IntelliJ IDEA 2021.2.3\bin -Dfile.encoding=UTF-8 com.vmware.talentboost.ics.IcsApplication

Host: Intel(R) Core(TM) i7-8750H CPU @ 2.20GHz, 12 cores, 23G,  Windows 10 , 64 bit Build 19041 (10.0.19041.1706)
Time: Tue May 24 17:45:59 2022 FLE Daylight Time elapsed time: 24.466294 seconds (0d 0h 0m 24s)

---------------  T H R E A D  ---------------

Current thread (0x000001c9f9af7430):  JavaThread "C2 CompilerThread2" daemon [_thread_in_native, id=26232, stack(0x00000031fde00000,0x00000031fdf00000)]


Current CompileTask:
C2:  24466 6312       4       org.springframework.core.annotation.AnnotationTypeMappings::forAnnotationType (74 bytes)

Stack: [0x00000031fde00000,0x00000031fdf00000]
Native frames: (J=compiled Java code, j=interpreted, Vv=VM code, C=native code)
V  [jvm.dll+0x66fa1a]
V  [jvm.dll+0x7ce5a4]
V  [jvm.dll+0x7cfd4e]
V  [jvm.dll+0x7d03b3]
V  [jvm.dll+0x242b05]
V  [jvm.dll+0xaa05b]
V  [jvm.dll+0xaa5ec]
V  [jvm.dll+0x2a953f]
V  [jvm.dll+0x5785a9]
V  [jvm.dll+0x21dd7d]
V  [jvm.dll+0x2175a1]
V  [jvm.dll+0x214f05]
V  [jvm.dll+0x1a168d]
V  [jvm.dll+0x224848]
V  [jvm.dll+0x2229ac]
V  [jvm.dll+0x78435b]
V  [jvm.dll+0x77e91a]
V  [jvm.dll+0x66e845]
C  [ucrtbase.dll+0x21bb2]
C  [KERNEL32.DLL+0x17034]
C  [ntdll.dll+0x52651]


---------------  P R O C E S S  ---------------

Threads class SMR info:
_java_thread_list=0x000001c980806900, length=31, elements={
0x000001c9f809f2b0, 0x000001c9f809ff20, 0x000001c9f80b8f20, 0x000001c9f80b97e0,
0x000001c9f80ba930, 0x000001c9f80bba80, 0x000001c9f80c04b0, 0x000001c9f80e1ea0,
0x000001c9f80ed070, 0x000001c9f8ce5400, 0x000001c9f8e92800, 0x000001c9f8d72ff0,
0x000001c9fda7fa30, 0x000001c9fda7e220, 0x000001c9fda80d70, 0x000001c9fda7ebc0,
0x000001c9fda7e6f0, 0x000001c9fda808a0, 0x000001c9fda7f090, 0x000001c9fda7d880,
0x000001c9fda7dd50, 0x000001c9fda81240, 0x000001c9fde8b9e0, 0x000001c9fde89d00,
0x000001c9fde884f0, 0x000001c9fde87680, 0x000001c9fde854d0, 0x000001c9fde859a0,
0x000001c9fde8cd20, 0x000001c9f9afa1c0, 0x000001c9f9af7430
}

Java Threads: ( => current thread )
  0x000001c9f809f2b0 JavaThread "Reference Handler" daemon [_thread_blocked, id=32452, stack(0x00000031fc800000,0x00000031fc900000)]
  0x000001c9f809ff20 JavaThread "Finalizer" daemon [_thread_blocked, id=13016, stack(0x00000031fc900000,0x00000031fca00000)]
  0x000001c9f80b8f20 JavaThread "Signal Dispatcher" daemon [_thread_blocked, id=25016, stack(0x00000031fca00000,0x00000031fcb00000)]
  0x000001c9f80b97e0 JavaThread "Attach Listener" daemon [_thread_blocked, id=6148, stack(0x00000031fcb00000,0x00000031fcc00000)]
  0x000001c9f80ba930 JavaThread "Service Thread" daemon [_thread_blocked, id=15228, stack(0x00000031fcc00000,0x00000031fcd00000)]
  0x000001c9f80bba80 JavaThread "Monitor Deflation Thread" daemon [_thread_blocked, id=26096, stack(0x00000031fcd00000,0x00000031fce00000)]
  0x000001c9f80c04b0 JavaThread "C2 CompilerThread0" daemon [_thread_blocked, id=13456, stack(0x00000031fce00000,0x00000031fcf00000)]
  0x000001c9f80e1ea0 JavaThread "C1 CompilerThread0" daemon [_thread_blocked, id=28684, stack(0x00000031fcf00000,0x00000031fd000000)]
  0x000001c9f80ed070 JavaThread "Sweeper thread" daemon [_thread_blocked, id=17884, stack(0x00000031fd000000,0x00000031fd100000)]
  0x000001c9f8ce5400 JavaThread "Common-Cleaner" daemon [_thread_blocked, id=1544, stack(0x00000031fd100000,0x00000031fd200000)]
  0x000001c9f8e92800 JavaThread "Monitor Ctrl-Break" daemon [_thread_in_native, id=21284, stack(0x00000031fd300000,0x00000031fd400000)]
  0x000001c9f8d72ff0 JavaThread "Notification Thread" daemon [_thread_blocked, id=11212, stack(0x00000031fd400000,0x00000031fd500000)]
  0x000001c9fda7fa30 JavaThread "Catalina-utility-1" [_thread_blocked, id=18632, stack(0x00000031fe200000,0x00000031fe300000)]
  0x000001c9fda7e220 JavaThread "Catalina-utility-2" [_thread_blocked, id=6428, stack(0x00000031fe300000,0x00000031fe400000)]
  0x000001c9fda80d70 JavaThread "container-0" [_thread_blocked, id=14572, stack(0x00000031fe400000,0x00000031fe500000)]
  0x000001c9fda7ebc0 JavaThread "HikariPool-1 housekeeper" daemon [_thread_blocked, id=25676, stack(0x00000031fe600000,0x00000031fe700000)]
  0x000001c9fda7e6f0 JavaThread "http-nio-7066-exec-1" daemon [_thread_blocked, id=28148, stack(0x00000031fe800000,0x00000031fe900000)]
  0x000001c9fda808a0 JavaThread "http-nio-7066-exec-2" daemon [_thread_blocked, id=29848, stack(0x00000031fe900000,0x00000031fea00000)]
  0x000001c9fda7f090 JavaThread "http-nio-7066-exec-3" daemon [_thread_blocked, id=28116, stack(0x00000031fea00000,0x00000031feb00000)]
  0x000001c9fda7d880 JavaThread "http-nio-7066-exec-4" daemon [_thread_blocked, id=13200, stack(0x00000031feb00000,0x00000031fec00000)]
  0x000001c9fda7dd50 JavaThread "http-nio-7066-exec-5" daemon [_thread_blocked, id=29784, stack(0x00000031fec00000,0x00000031fed00000)]
  0x000001c9fda81240 JavaThread "http-nio-7066-exec-6" daemon [_thread_blocked, id=17300, stack(0x00000031fed00000,0x00000031fee00000)]
  0x000001c9fde8b9e0 JavaThread "http-nio-7066-exec-7" daemon [_thread_blocked, id=28192, stack(0x00000031fee00000,0x00000031fef00000)]
  0x000001c9fde89d00 JavaThread "http-nio-7066-exec-8" daemon [_thread_blocked, id=31648, stack(0x00000031fef00000,0x00000031ff000000)]
  0x000001c9fde884f0 JavaThread "http-nio-7066-exec-9" daemon [_thread_blocked, id=3768, stack(0x00000031ff000000,0x00000031ff100000)]
  0x000001c9fde87680 JavaThread "http-nio-7066-exec-10" daemon [_thread_blocked, id=8900, stack(0x00000031ff100000,0x00000031ff200000)]
  0x000001c9fde854d0 JavaThread "http-nio-7066-Poller" daemon [_thread_in_native, id=19488, stack(0x00000031ff200000,0x00000031ff300000)]
  0x000001c9fde859a0 JavaThread "http-nio-7066-Acceptor" daemon [_thread_in_native, id=11816, stack(0x00000031ff300000,0x00000031ff400000)]
  0x000001c9fde8cd20 JavaThread "DestroyJavaVM" [_thread_blocked, id=21568, stack(0x00000031fc100000,0x00000031fc200000)]
  0x000001c9f9afa1c0 JavaThread "C2 CompilerThread1" daemon [_thread_blocked, id=10808, stack(0x00000031fd200000,0x00000031fd300000)]
=>0x000001c9f9af7430 JavaThread "C2 CompilerThread2" daemon [_thread_in_native, id=26232, stack(0x00000031fde00000,0x00000031fdf00000)]

Other Threads:
  0x000001c9f8099750 VMThread "VM Thread" [stack: 0x00000031fc700000,0x00000031fc800000] [id=1580]
  0x000001c9f8d97940 WatcherThread [stack: 0x00000031fd500000,0x00000031fd600000] [id=13236]
  0x000001c9ce559f10 GCTaskThread "GC Thread#0" [stack: 0x00000031fc200000,0x00000031fc300000] [id=24104]
  0x000001c9f970aba0 GCTaskThread "GC Thread#1" [stack: 0x00000031fd600000,0x00000031fd700000] [id=15396]
  0x000001c9f970ae50 GCTaskThread "GC Thread#2" [stack: 0x00000031fd700000,0x00000031fd800000] [id=8588]
  0x000001c9f970b100 GCTaskThread "GC Thread#3" [stack: 0x00000031fd800000,0x00000031fd900000] [id=25264]
  0x000001c9f970b830 GCTaskThread "GC Thread#4" [stack: 0x00000031fd900000,0x00000031fda00000] [id=26384]
  0x000001c9f970bae0 GCTaskThread "GC Thread#5" [stack: 0x00000031fda00000,0x00000031fdb00000] [id=31804]
  0x000001c9f9824590 GCTaskThread "GC Thread#6" [stack: 0x00000031fdb00000,0x00000031fdc00000] [id=15844]
  0x000001c9f9824840 GCTaskThread "GC Thread#7" [stack: 0x00000031fdc00000,0x00000031fdd00000] [id=3864]
  0x000001c9f9824f70 GCTaskThread "GC Thread#8" [stack: 0x00000031fdd00000,0x00000031fde00000] [id=172]
  0x000001c9f9a6a4f0 GCTaskThread "GC Thread#9" [stack: 0x00000031fdf00000,0x00000031fe000000] [id=31432]
  0x000001c9ce566c20 ConcurrentGCThread "G1 Main Marker" [stack: 0x00000031fc300000,0x00000031fc400000] [id=6052]
  0x000001c9ce568ce0 ConcurrentGCThread "G1 Conc#0" [stack: 0x00000031fc400000,0x00000031fc500000] [id=20096]
  0x000001c9fbf3bb50 ConcurrentGCThread "G1 Conc#1" [stack: 0x00000031fe000000,0x00000031fe100000] [id=25656]
  0x000001c9fbf3a880 ConcurrentGCThread "G1 Conc#2" [stack: 0x00000031fe100000,0x00000031fe200000] [id=18804]
  0x000001c9ce5c4f60 ConcurrentGCThread "G1 Refine#0" [stack: 0x00000031fc500000,0x00000031fc600000] [id=32704]
  0x000001c9ce5c5880 ConcurrentGCThread "G1 Service" [stack: 0x00000031fc600000,0x00000031fc700000] [id=14212]

Threads with active compile tasks:
C2 CompilerThread2    24515 6312       4       org.springframework.core.annotation.AnnotationTypeMappings::forAnnotationType (74 bytes)

VM state: not at safepoint (normal execution)

VM Mutex/Monitor currently owned by a thread: None

Heap address: 0x0000000682400000, size: 6108 MB, Compressed Oops mode: Zero based, Oop shift amount: 3

CDS archive(s) mapped at: [0x0000000800000000-0x0000000800bc0000-0x0000000800bc0000), size 12320768, SharedBaseAddress: 0x0000000800000000, ArchiveRelocationMode: 0.
Compressed class space mapped at: 0x0000000800c00000-0x0000000840c00000, reserved size: 1073741824
Narrow klass base: 0x0000000800000000, Narrow klass shift: 0, Narrow klass range: 0x100000000

GC Precious Log:
 CPUs: 12 total, 12 available
 Memory: 24431M
 Large Page Support: Disabled
 NUMA Support: Disabled
 Compressed Oops: Enabled (Zero based)
 Heap Region Size: 4M
 Heap Min Capacity: 8M
 Heap Initial Capacity: 384M
 Heap Max Capacity: 6108M
 Pre-touch: Disabled
 Parallel Workers: 10
 Concurrent Workers: 3
 Concurrent Refinement Workers: 10
 Periodic GC: Disabled

Heap:
 garbage-first heap   total 69632K, used 32566K [0x0000000682400000, 0x0000000800000000)
  region size 4096K, 5 young (20480K), 2 survivors (8192K)
 Metaspace       used 56261K, committed 56704K, reserved 1105920K
  class space    used 7471K, committed 7680K, reserved 1048576K

Heap Regions: E=young(eden), S=young(survivor), O=old, HS=humongous(starts), HC=humongous(continues), CS=collection set, F=free, OA=open archive, CA=closed archive, TAMS=top-at-mark-start (previous, next)
|   0|0x0000000682400000, 0x0000000682800000, 0x0000000682800000|100%| O|  |TAMS 0x0000000682800000, 0x0000000682400000| Untracked 
|   1|0x0000000682800000, 0x0000000682c00000, 0x0000000682c00000|100%| O|  |TAMS 0x0000000682800000, 0x0000000682800000| Untracked 
|   2|0x0000000682c00000, 0x0000000683000000, 0x0000000683000000|100%| O|  |TAMS 0x0000000683000000, 0x0000000682c00000| Untracked 
|   3|0x0000000683000000, 0x0000000683400000, 0x0000000683400000|100%| O|  |TAMS 0x000000068333be00, 0x0000000683000000| Untracked 
|   4|0x0000000683400000, 0x0000000683577e00, 0x0000000683800000| 36%| O|  |TAMS 0x0000000683400000, 0x0000000683400000| Untracked 
|   5|0x0000000683800000, 0x0000000683800000, 0x0000000683c00000|  0%| F|  |TAMS 0x0000000683800000, 0x0000000683800000| Untracked 
|   6|0x0000000683c00000, 0x0000000683e55b90, 0x0000000684000000| 58%| S|CS|TAMS 0x0000000683c00000, 0x0000000683c00000| Complete 
|   7|0x0000000684000000, 0x0000000684000000, 0x0000000684400000|  0%| F|  |TAMS 0x0000000684000000, 0x0000000684000000| Untracked 
|   8|0x0000000684400000, 0x0000000684800000, 0x0000000684800000|100%| S|CS|TAMS 0x0000000684400000, 0x0000000684400000| Complete 
|   9|0x0000000684800000, 0x0000000684800000, 0x0000000684c00000|  0%| F|  |TAMS 0x0000000684800000, 0x0000000684800000| Untracked 
|  10|0x0000000684c00000, 0x0000000684c00000, 0x0000000685000000|  0%| F|  |TAMS 0x0000000684c00000, 0x0000000684c00000| Untracked 
|  11|0x0000000685000000, 0x0000000685000000, 0x0000000685400000|  0%| F|  |TAMS 0x0000000685000000, 0x0000000685000000| Untracked 
|  12|0x0000000685400000, 0x0000000685400000, 0x0000000685800000|  0%| F|  |TAMS 0x0000000685400000, 0x0000000685400000| Untracked 
|  13|0x0000000685800000, 0x0000000685800000, 0x0000000685c00000|  0%| F|  |TAMS 0x0000000685800000, 0x0000000685800000| Untracked 
|  77|0x0000000695800000, 0x0000000695985b88, 0x0000000695c00000| 38%| E|  |TAMS 0x0000000695800000, 0x0000000695800000| Complete 
|  78|0x0000000695c00000, 0x0000000696000000, 0x0000000696000000|100%| E|CS|TAMS 0x0000000695c00000, 0x0000000695c00000| Complete 
|  95|0x000000069a000000, 0x000000069a400000, 0x000000069a400000|100%| E|CS|TAMS 0x000000069a000000, 0x000000069a000000| Complete 

Card table byte_map: [0x000001c9e7d30000,0x000001c9e8920000] _byte_map_base: 0x000001c9e491e000

Marking Bits (Prev, Next): (CMBitMap*) 0x000001c9ce55a420, (CMBitMap*) 0x000001c9ce55a460
 Prev Bits: [0x000001c9e9510000, 0x000001c9ef480000)
 Next Bits: [0x000001c9ef480000, 0x000001c9f53f0000)

Polling page: 0x000001c9ce350000

Metaspace:

Usage:
  Non-class:     47.65 MB used.
      Class:      7.30 MB used.
       Both:     54.94 MB used.

Virtual space:
  Non-class space:       56.00 MB reserved,      47.88 MB ( 85%) committed,  7 nodes.
      Class space:        1.00 GB reserved,       7.50 MB ( <1%) committed,  1 nodes.
             Both:        1.05 GB reserved,      55.38 MB (  5%) committed. 

Chunk freelists:
   Non-Class:  3.98 MB
       Class:  549.00 KB
        Both:  4.52 MB

MaxMetaspaceSize: unlimited
CompressedClassSpaceSize: 1.00 GB
Initial GC threshold: 21.00 MB
Current GC threshold: 58.88 MB
CDS: on
MetaspaceReclaimPolicy: balanced
 - commit_granule_bytes: 65536.
 - commit_granule_words: 8192.
 - virtual_space_node_default_size: 1048576.
 - enlarge_chunks_in_place: 1.
 - new_chunks_are_fully_committed: 0.
 - uncommit_free_chunks: 1.
 - use_allocation_guard: 0.
 - handle_deallocations: 1.


Internal statistics:

num_allocs_failed_limit: 6.
num_arena_births: 474.
num_arena_deaths: 0.
num_vsnodes_births: 8.
num_vsnodes_deaths: 0.
num_space_committed: 886.
num_space_uncommitted: 0.
num_chunks_returned_to_freelist: 6.
num_chunks_taken_from_freelist: 2547.
num_chunk_merges: 6.
num_chunk_splits: 1804.
num_chunks_enlarged: 1421.
num_purges: 0.
num_inconsistent_stats: 0.

CodeHeap 'non-profiled nmethods': size=120000Kb used=3613Kb max_used=3613Kb free=116386Kb
 bounds [0x000001c9def90000, 0x000001c9df320000, 0x000001c9e64c0000]
CodeHeap 'profiled nmethods': size=120000Kb used=10866Kb max_used=10866Kb free=109133Kb
 bounds [0x000001c9d7a60000, 0x000001c9d8500000, 0x000001c9def90000]
CodeHeap 'non-nmethods': size=5760Kb used=1279Kb max_used=1398Kb free=4480Kb
 bounds [0x000001c9d74c0000, 0x000001c9d7730000, 0x000001c9d7a60000]
 total_blobs=6163 nmethods=5564 adapters=510
 compilation: enabled
              stopped_count=0, restarted_count=0
 full_count=0

Compilation events (20 events):
Event: 24.346 Thread 0x000001c9f80e1ea0 nmethod 6313 0x000001c9df30d190 code [0x000001c9df30d320, 0x000001c9df30d3f8]
Event: 24.346 Thread 0x000001c9f80e1ea0 6314       1       sun.util.calendar.CalendarDate::setDayOfWeek (6 bytes)
Event: 24.346 Thread 0x000001c9f80e1ea0 nmethod 6314 0x000001c9df30d490 code [0x000001c9df30d620, 0x000001c9df30d6f8]
Event: 24.347 Thread 0x000001c9f80e1ea0 6315       3       com.vmware.talentboost.ics.data.Image::getConnections (198 bytes)
Event: 24.349 Thread 0x000001c9f9afa1c0 6317       4       com.fasterxml.jackson.core.json.UTF8JsonGenerator::_verifyValueWrite (143 bytes)
Event: 24.351 Thread 0x000001c9f80e1ea0 nmethod 6315 0x000001c9d84f8f10 code [0x000001c9d84f9420, 0x000001c9d84fc678]
Event: 24.351 Thread 0x000001c9f80e1ea0 6316       3       com.fasterxml.jackson.databind.SerializationConfig::isEnabled (18 bytes)
Event: 24.351 Thread 0x000001c9f80e1ea0 nmethod 6316 0x000001c9d84fd390 code [0x000001c9d84fd520, 0x000001c9d84fd6b8]
Event: 24.351 Thread 0x000001c9f80e1ea0 6321       1       org.apache.tomcat.util.buf.AbstractChunk::getOffset (5 bytes)
Event: 24.352 Thread 0x000001c9f80e1ea0 nmethod 6321 0x000001c9df30d790 code [0x000001c9df30d920, 0x000001c9df30d9f8]
Event: 24.352 Thread 0x000001c9f80e1ea0 6319       1       java.util.Calendar::setLenient (6 bytes)
Event: 24.352 Thread 0x000001c9f80e1ea0 nmethod 6319 0x000001c9df30da90 code [0x000001c9df30dc20, 0x000001c9df30dcf8]
Event: 24.353 Thread 0x000001c9f80e1ea0 6322       3       org.apache.tomcat.util.buf.MessageBytes::toString (88 bytes)
Event: 24.353 Thread 0x000001c9f9afa1c0 nmethod 6317 0x000001c9df30dd90 code [0x000001c9df30df20, 0x000001c9df30e138]
Event: 24.353 Thread 0x000001c9f9afa1c0 6320       4       java.nio.Buffer::hasRemaining (17 bytes)
Event: 24.354 Thread 0x000001c9f9afa1c0 nmethod 6320 0x000001c9df30e310 code [0x000001c9df30e480, 0x000001c9df30e518]
Event: 24.354 Thread 0x000001c9f9afa1c0 6318       4       com.fasterxml.jackson.core.json.JsonWriteContext::writeValue (90 bytes)
Event: 24.355 Thread 0x000001c9f80e1ea0 nmethod 6322 0x000001c9d84fd790 code [0x000001c9d84fd9a0, 0x000001c9d84fe238]
Event: 24.356 Thread 0x000001c9f9afa1c0 nmethod 6318 0x000001c9df30e610 code [0x000001c9df30e780, 0x000001c9df30e858]
Event: 24.379 Thread 0x000001c9f80c04b0 nmethod 6303 0x000001c9df30e910 code [0x000001c9df30ed40, 0x000001c9df314470]

GC Heap History (20 events):
Event: 3.084 GC heap before
{Heap before GC invocations=2 (full 0):
 garbage-first heap   total 393216K, used 44394K [0x0000000682400000, 0x0000000800000000)
  region size 4096K, 11 young (45056K), 1 survivors (4096K)
 Metaspace       used 15004K, committed 15168K, reserved 1064960K
  class space    used 1851K, committed 1920K, reserved 1048576K
}
Event: 3.089 GC heap after
{Heap after GC invocations=3 (full 0):
 garbage-first heap   total 393216K, used 8874K [0x0000000682400000, 0x0000000800000000)
  region size 4096K, 1 young (4096K), 1 survivors (4096K)
 Metaspace       used 15004K, committed 15168K, reserved 1064960K
  class space    used 1851K, committed 1920K, reserved 1048576K
}
Event: 5.192 GC heap before
{Heap before GC invocations=3 (full 0):
 garbage-first heap   total 393216K, used 66218K [0x0000000682400000, 0x0000000800000000)
  region size 4096K, 17 young (69632K), 1 survivors (4096K)
 Metaspace       used 21224K, committed 21504K, reserved 1073152K
  class space    used 2661K, committed 2816K, reserved 1048576K
}
Event: 5.199 GC heap after
{Heap after GC invocations=4 (full 0):
 garbage-first heap   total 393216K, used 11806K [0x0000000682400000, 0x0000000800000000)
  region size 4096K, 2 young (8192K), 2 survivors (8192K)
 Metaspace       used 21224K, committed 21504K, reserved 1073152K
  class space    used 2661K, committed 2816K, reserved 1048576K
}
Event: 6.147 GC heap before
{Heap before GC invocations=5 (full 0):
 garbage-first heap   total 69632K, used 44574K [0x0000000682400000, 0x0000000800000000)
  region size 4096K, 10 young (40960K), 2 survivors (8192K)
 Metaspace       used 25261K, committed 25536K, reserved 1073152K
  class space    used 3172K, committed 3264K, reserved 1048576K
}
Event: 6.158 GC heap after
{Heap after GC invocations=6 (full 0):
 garbage-first heap   total 69632K, used 13757K [0x0000000682400000, 0x0000000800000000)
  region size 4096K, 2 young (8192K), 2 survivors (8192K)
 Metaspace       used 25261K, committed 25536K, reserved 1073152K
  class space    used 3172K, committed 3264K, reserved 1048576K
}
Event: 6.160 GC heap before
{Heap before GC invocations=6 (full 0):
 garbage-first heap   total 69632K, used 13757K [0x0000000682400000, 0x0000000800000000)
  region size 4096K, 3 young (12288K), 2 survivors (8192K)
 Metaspace       used 25261K, committed 25536K, reserved 1073152K
  class space    used 3172K, committed 3264K, reserved 1048576K
}
Event: 6.173 GC heap after
{Heap after GC invocations=7 (full 0):
 garbage-first heap   total 69632K, used 13792K [0x0000000682400000, 0x0000000800000000)
  region size 4096K, 1 young (4096K), 1 survivors (4096K)
 Metaspace       used 25261K, committed 25536K, reserved 1073152K
  class space    used 3172K, committed 3264K, reserved 1048576K
}
Event: 6.596 GC heap before
{Heap before GC invocations=7 (full 0):
 garbage-first heap   total 69632K, used 42464K [0x0000000682400000, 0x0000000800000000)
  region size 4096K, 9 young (36864K), 1 survivors (4096K)
 Metaspace       used 26826K, committed 27136K, reserved 1073152K
  class space    used 3385K, committed 3520K, reserved 1048576K
}
Event: 6.600 GC heap after
{Heap after GC invocations=8 (full 0):
 garbage-first heap   total 69632K, used 14440K [0x0000000682400000, 0x0000000800000000)
  region size 4096K, 1 young (4096K), 1 survivors (4096K)
 Metaspace       used 26826K, committed 27136K, reserved 1073152K
  class space    used 3385K, committed 3520K, reserved 1048576K
}
Event: 8.044 GC heap before
{Heap before GC invocations=8 (full 0):
 garbage-first heap   total 69632K, used 43112K [0x0000000682400000, 0x0000000800000000)
  region size 4096K, 9 young (36864K), 1 survivors (4096K)
 Metaspace       used 35735K, committed 35968K, reserved 1081344K
  class space    used 4762K, committed 4864K, reserved 1048576K
}
Event: 8.049 GC heap after
{Heap after GC invocations=9 (full 0):
 garbage-first heap   total 69632K, used 16072K [0x0000000682400000, 0x0000000800000000)
  region size 4096K, 2 young (8192K), 2 survivors (8192K)
 Metaspace       used 35735K, committed 35968K, reserved 1081344K
  class space    used 4762K, committed 4864K, reserved 1048576K
}
Event: 9.287 GC heap before
{Heap before GC invocations=10 (full 0):
 garbage-first heap   total 69632K, used 44744K [0x0000000682400000, 0x0000000800000000)
  region size 4096K, 9 young (36864K), 2 survivors (8192K)
 Metaspace       used 42434K, committed 42816K, reserved 1089536K
  class space    used 5775K, committed 5952K, reserved 1048576K
}
Event: 9.293 GC heap after
{Heap after GC invocations=11 (full 0):
 garbage-first heap   total 69632K, used 17951K [0x0000000682400000, 0x0000000800000000)
  region size 4096K, 2 young (8192K), 2 survivors (8192K)
 Metaspace       used 42434K, committed 42816K, reserved 1089536K
  class space    used 5775K, committed 5952K, reserved 1048576K
}
Event: 10.400 GC heap before
{Heap before GC invocations=11 (full 0):
 garbage-first heap   total 69632K, used 46623K [0x0000000682400000, 0x0000000800000000)
  region size 4096K, 9 young (36864K), 2 survivors (8192K)
 Metaspace       used 47480K, committed 47872K, reserved 1097728K
  class space    used 6483K, committed 6656K, reserved 1048576K
}
Event: 10.406 GC heap after
{Heap after GC invocations=12 (full 0):
 garbage-first heap   total 69632K, used 20185K [0x0000000682400000, 0x0000000800000000)
  region size 4096K, 2 young (8192K), 2 survivors (8192K)
 Metaspace       used 47480K, committed 47872K, reserved 1097728K
  class space    used 6483K, committed 6656K, reserved 1048576K
}
Event: 11.136 GC heap before
{Heap before GC invocations=12 (full 0):
 garbage-first heap   total 69632K, used 48857K [0x0000000682400000, 0x0000000800000000)
  region size 4096K, 9 young (36864K), 2 survivors (8192K)
 Metaspace       used 49918K, committed 50304K, reserved 1097728K
  class space    used 6798K, committed 6976K, reserved 1048576K
}
Event: 11.143 GC heap after
{Heap after GC invocations=13 (full 0):
 garbage-first heap   total 69632K, used 22051K [0x0000000682400000, 0x0000000800000000)
  region size 4096K, 2 young (8192K), 2 survivors (8192K)
 Metaspace       used 49918K, committed 50304K, reserved 1097728K
  class space    used 6798K, committed 6976K, reserved 1048576K
}
Event: 17.375 GC heap before
{Heap before GC invocations=13 (full 0):
 garbage-first heap   total 69632K, used 46627K [0x0000000682400000, 0x0000000800000000)
  region size 4096K, 9 young (36864K), 2 survivors (8192K)
 Metaspace       used 55347K, committed 55744K, reserved 1097728K
  class space    used 7390K, committed 7616K, reserved 1048576K
}
Event: 17.384 GC heap after
{Heap after GC invocations=14 (full 0):
 garbage-first heap   total 69632K, used 24374K [0x0000000682400000, 0x0000000800000000)
  region size 4096K, 2 young (8192K), 2 survivors (8192K)
 Metaspace       used 55347K, committed 55744K, reserved 1097728K
  class space    used 7390K, committed 7616K, reserved 1048576K
}

Deoptimization events (20 events):
Event: 17.359 Thread 0x000001c9fda808a0 Uncommon trap: trap_request=0xffffffcc fr.pc=0x000001c9df16f678 relative=0x00000000000003b8
Event: 17.359 Thread 0x000001c9fda7e6f0 Uncommon trap: trap_request=0xffffffcc fr.pc=0x000001c9df16f678 relative=0x00000000000003b8
Event: 17.359 Thread 0x000001c9fda808a0 Uncommon trap: reason=intrinsic_or_type_checked_inlining action=make_not_entrant pc=0x000001c9df16f678 method=java.util.Arrays.copyOf([Ljava/lang/Object;ILjava/lang/Class;)[Ljava/lang/Object; @ 35 c2
Event: 17.359 Thread 0x000001c9fda7e6f0 Uncommon trap: reason=intrinsic_or_type_checked_inlining action=make_not_entrant pc=0x000001c9df16f678 method=java.util.Arrays.copyOf([Ljava/lang/Object;ILjava/lang/Class;)[Ljava/lang/Object; @ 35 c2
Event: 17.359 Thread 0x000001c9fda808a0 DEOPT PACKING pc=0x000001c9df16f678 sp=0x00000031fe9fd050
Event: 17.359 Thread 0x000001c9fda808a0 DEOPT UNPACKING pc=0x000001c9d75123a3 sp=0x00000031fe9fcfe0 mode 2
Event: 17.359 Thread 0x000001c9fda7e6f0 DEOPT PACKING pc=0x000001c9df16f678 sp=0x00000031fe8fcf80
Event: 17.359 Thread 0x000001c9fda7e6f0 DEOPT UNPACKING pc=0x000001c9d75123a3 sp=0x00000031fe8fcf10 mode 2
Event: 17.460 Thread 0x000001c9fda808a0 Uncommon trap: trap_request=0xffffff45 fr.pc=0x000001c9df17b738 relative=0x0000000000000378
Event: 17.460 Thread 0x000001c9fda808a0 Uncommon trap: reason=unstable_if action=reinterpret pc=0x000001c9df17b738 method=java.util.HashMap.getNode(Ljava/lang/Object;)Ljava/util/HashMap$Node; @ 66 c2
Event: 17.460 Thread 0x000001c9fda808a0 DEOPT PACKING pc=0x000001c9df17b738 sp=0x00000031fe9fc370
Event: 17.460 Thread 0x000001c9fda808a0 DEOPT UNPACKING pc=0x000001c9d75123a3 sp=0x00000031fe9fc290 mode 2
Event: 17.499 Thread 0x000001c9fda7f090 Uncommon trap: trap_request=0xffffff45 fr.pc=0x000001c9df031868 relative=0x0000000000000248
Event: 17.499 Thread 0x000001c9fda7f090 Uncommon trap: reason=unstable_if action=reinterpret pc=0x000001c9df031868 method=org.hibernate.engine.internal.EntityEntryContext.getAssociatedManagedEntity(Ljava/lang/Object;)Lorg/hibernate/engine/spi/ManagedEntity; @ 91 c2
Event: 17.499 Thread 0x000001c9fda7f090 DEOPT PACKING pc=0x000001c9df031868 sp=0x00000031feaf9cb0
Event: 17.499 Thread 0x000001c9fda7f090 DEOPT UNPACKING pc=0x000001c9d75123a3 sp=0x00000031feaf9c40 mode 2
Event: 24.253 Thread 0x000001c9fda81240 Uncommon trap: trap_request=0xffffff45 fr.pc=0x000001c9df2fc36c relative=0x0000000000006e0c
Event: 24.253 Thread 0x000001c9fda81240 Uncommon trap: reason=unstable_if action=reinterpret pc=0x000001c9df2fc36c method=org.hibernate.loader.plan.exec.process.internal.CollectionReferenceInitializerImpl.findCollectionOwner(Ljava/io/Serializable;Ljava/sql/ResultSet;Lorg/hibernate/loader/plan/e
Event: 24.253 Thread 0x000001c9fda81240 DEOPT PACKING pc=0x000001c9df2fc36c sp=0x00000031fedfa190
Event: 24.253 Thread 0x000001c9fda81240 DEOPT UNPACKING pc=0x000001c9d75123a3 sp=0x00000031fedfa090 mode 2

Classes unloaded (0 events):
No events

Classes redefined (0 events):
No events

Internal exceptions (20 events):
Event: 10.773 Thread 0x000001c9ce4fb0f0 Exception <a 'java/lang/ClassNotFoundException'{0x00000006855bfdb8}: org/springframework/boot/autoconfigure/web/servlet/WebMvcAutoConfiguration$EnableWebMvcConfigurationCustomizer> (0x00000006855bfdb8) 
thrown [t:\workspace\open\src\hotspot\share\classfile\systemDictionary.cpp, line 256]
Event: 10.775 Thread 0x000001c9ce4fb0f0 Exception <a 'java/lang/ClassNotFoundException'{0x00000006855d2318}: org/springframework/context/ResourceLoaderAwareCustomizer> (0x00000006855d2318) 
thrown [t:\workspace\open\src\hotspot\share\classfile\systemDictionary.cpp, line 256]
Event: 10.776 Thread 0x000001c9ce4fb0f0 Exception <a 'java/lang/ClassNotFoundException'{0x00000006855d6120}: org/springframework/beans/factory/AwareCustomizer> (0x00000006855d6120) 
thrown [t:\workspace\open\src\hotspot\share\classfile\systemDictionary.cpp, line 256]
Event: 10.776 Thread 0x000001c9ce4fb0f0 Exception <a 'java/lang/ClassNotFoundException'{0x00000006855d9298}: org/springframework/context/ApplicationContextAwareCustomizer> (0x00000006855d9298) 
thrown [t:\workspace\open\src\hotspot\share\classfile\systemDictionary.cpp, line 256]
Event: 10.777 Thread 0x000001c9ce4fb0f0 Exception <a 'java/lang/ClassNotFoundException'{0x00000006855ddb90}: org/springframework/beans/factory/AwareCustomizer> (0x00000006855ddb90) 
thrown [t:\workspace\open\src\hotspot\share\classfile\systemDictionary.cpp, line 256]
Event: 10.777 Thread 0x000001c9ce4fb0f0 Exception <a 'java/lang/ClassNotFoundException'{0x00000006855e0ce0}: org/springframework/web/context/ServletContextAwareCustomizer> (0x00000006855e0ce0) 
thrown [t:\workspace\open\src\hotspot\share\classfile\systemDictionary.cpp, line 256]
Event: 10.778 Thread 0x000001c9ce4fb0f0 Exception <a 'java/lang/ClassNotFoundException'{0x00000006855e4f20}: org/springframework/beans/factory/AwareCustomizer> (0x00000006855e4f20) 
thrown [t:\workspace\open\src\hotspot\share\classfile\systemDictionary.cpp, line 256]
Event: 10.981 Thread 0x000001c9ce4fb0f0 Exception <a 'java/lang/NoSuchMethodError'{0x0000000684c275f8}: 'void java.lang.invoke.DirectMethodHandle$Holder.invokeVirtual(java.lang.Object, java.lang.Object, int)'> (0x0000000684c275f8) 
thrown [t:\workspace\open\src\hotspot\share\interpreter\linkResolver.cpp, line 766]
Event: 10.984 Thread 0x000001c9ce4fb0f0 Exception <a 'java/lang/NoSuchMethodError'{0x0000000684c42190}: 'void java.lang.invoke.DirectMethodHandle$Holder.invokeVirtual(java.lang.Object, java.lang.Object, long)'> (0x0000000684c42190) 
thrown [t:\workspace\open\src\hotspot\share\interpreter\linkResolver.cpp, line 766]
Event: 11.196 Thread 0x000001c9ce4fb0f0 Exception <a 'java/lang/IncompatibleClassChangeError'{0x000000069a15d6e0}: Found class java.lang.Object, but interface was expected> (0x000000069a15d6e0) 
thrown [t:\workspace\open\src\hotspot\share\interpreter\linkResolver.cpp, line 833]
Event: 11.255 Thread 0x000001c9ce4fb0f0 Exception <a 'java/lang/NoSuchMethodError'{0x000000069a2d8680}: 'int java.lang.invoke.DirectMethodHandle$Holder.invokeStaticInit(java.lang.Object, java.lang.Object, java.lang.Object, java.lang.Object)'> (0x000000069a2d8680) 
thrown [t:\workspace\open\src\hotspot\share\interpreter\linkResolver.cpp, line 766]
Event: 11.304 Thread 0x000001c9ce4fb0f0 Implicit null exception at 0x000001c9df0b0ac0 to 0x000001c9df0b0cd8
Event: 11.388 Thread 0x000001c9ce4fb0f0 Exception <a 'java/lang/NoSuchMethodError'{0x0000000695f04110}: 'java.lang.Object java.lang.invoke.DirectMethodHandle$Holder.invokeSpecial(java.lang.Object, java.lang.Object, int, java.lang.Object, int, java.lang.Object)'> (0x0000000695f04110) 
thrown [t:\workspace\open\src\hotspot\share\interpreter\linkResolver.cpp, line 766]
Event: 11.389 Thread 0x000001c9ce4fb0f0 Exception <a 'java/lang/NoSuchMethodError'{0x0000000695f0bf10}: 'java.lang.Object java.lang.invoke.DirectMethodHandle$Holder.newInvokeSpecial(java.lang.Object, java.lang.Object, int, java.lang.Object, int)'> (0x0000000695f0bf10) 
thrown [t:\workspace\open\src\hotspot\share\interpreter\linkResolver.cpp, line 766]
Event: 11.389 Thread 0x000001c9ce4fb0f0 Exception <a 'java/lang/NoSuchMethodError'{0x0000000695f10010}: 'java.lang.Object java.lang.invoke.DirectMethodHandle$Holder.invokeSpecial(java.lang.Object, java.lang.Object, java.lang.Object, int, java.lang.Object, int)'> (0x0000000695f10010) 
thrown [t:\workspace\open\src\hotspot\share\interpreter\linkResolver.cpp, line 766]
Event: 11.391 Thread 0x000001c9ce4fb0f0 Exception <a 'java/lang/NoSuchMethodError'{0x0000000695f19de0}: 'void java.lang.invoke.DirectMethodHandle$Holder.invokeVirtual(java.lang.Object, java.lang.Object)'> (0x0000000695f19de0) 
thrown [t:\workspace\open\src\hotspot\share\interpreter\linkResolver.cpp, line 766]
Event: 16.544 Thread 0x000001c9fda7e6f0 Exception <a 'java/lang/NoSuchMethodError'{0x0000000685283bf8}: 'java.lang.Object java.lang.invoke.DirectMethodHandle$Holder.invokeInterface(java.lang.Object, java.lang.Object, java.lang.Object, java.lang.Object)'> (0x0000000685283bf8) 
thrown [t:\workspace\open\src\hotspot\share\interpreter\linkResolver.cpp, line 766]
Event: 16.544 Thread 0x000001c9fda808a0 Exception <a 'java/lang/NoSuchMethodError'{0x00000006851270e8}: 'java.lang.Object java.lang.invoke.DirectMethodHandle$Holder.invokeInterface(java.lang.Object, java.lang.Object, java.lang.Object, java.lang.Object)'> (0x00000006851270e8) 
thrown [t:\workspace\open\src\hotspot\share\interpreter\linkResolver.cpp, line 766]
Event: 16.593 Thread 0x000001c9fda808a0 Exception <a 'java/lang/NoSuchMethodError'{0x00000006853587f8}: 'java.lang.Object java.lang.invoke.DirectMethodHandle$Holder.invokeStaticInit(java.lang.Object, java.lang.Object, java.lang.Object, java.lang.Object, java.lang.Object, java.lang.Object)'> (0x00000006853587f8) 
thrown [t:\workspace\open\src\hotspot\share\interpreter\linkResolver.cpp, line 766]
Event: 17.499 Thread 0x000001c9fda7f090 Implicit null exception at 0x000001c9df0316a0 to 0x000001c9df031850

VM Operations (20 events):
Event: 16.138 Executing VM operation: Cleanup
Event: 16.138 Executing VM operation: Cleanup done
Event: 16.181 Executing VM operation: HandshakeAllThreads
Event: 16.181 Executing VM operation: HandshakeAllThreads done
Event: 16.247 Executing VM operation: HandshakeAllThreads
Event: 16.247 Executing VM operation: HandshakeAllThreads done
Event: 16.950 Executing VM operation: ICBufferFull
Event: 16.950 Executing VM operation: ICBufferFull done
Event: 17.354 Executing VM operation: HandshakeAllThreads
Event: 17.354 Executing VM operation: HandshakeAllThreads done
Event: 17.375 Executing VM operation: G1CollectForAllocation
Event: 17.384 Executing VM operation: G1CollectForAllocation done
Event: 17.421 Executing VM operation: HandshakeAllThreads
Event: 17.421 Executing VM operation: HandshakeAllThreads done
Event: 18.421 Executing VM operation: Cleanup
Event: 18.421 Executing VM operation: Cleanup done
Event: 23.456 Executing VM operation: Cleanup
Event: 23.456 Executing VM operation: Cleanup done
Event: 24.457 Executing VM operation: Cleanup
Event: 24.458 Executing VM operation: Cleanup done

Events (20 events):
Event: 17.365 loading class java/util/OptionalDouble
Event: 17.365 loading class java/util/OptionalDouble done
Event: 17.395 loading class java/util/concurrent/atomic/AtomicReferenceArray
Event: 17.395 loading class java/util/concurrent/atomic/AtomicReferenceArray done
Event: 17.414 loading class java/util/stream/LongStream
Event: 17.415 loading class java/util/stream/LongStream done
Event: 17.415 loading class java/util/stream/DoubleStream
Event: 17.415 loading class java/util/stream/DoubleStream done
Event: 17.438 loading class org/w3c/dom/Document
Event: 17.438 loading class org/w3c/dom/Document done
Event: 17.463 loading class java/nio/StringCharBuffer
Event: 17.463 loading class java/nio/StringCharBuffer done
Event: 17.472 loading class jdk/internal/reflect/UnsafeQualifiedObjectFieldAccessorImpl
Event: 17.472 loading class jdk/internal/reflect/UnsafeQualifiedFieldAccessorImpl
Event: 17.472 loading class jdk/internal/reflect/UnsafeQualifiedFieldAccessorImpl done
Event: 17.472 loading class jdk/internal/reflect/UnsafeQualifiedObjectFieldAccessorImpl done
Event: 17.659 Thread 0x000001c9f9af7430 Thread exited: 0x000001c9f9af7430
Event: 17.863 Thread 0x000001c9f8de8bd0 Thread exited: 0x000001c9f8de8bd0
Event: 23.187 Thread 0x000001c9f9afa1c0 Thread added: 0x000001c9f9afa1c0
Event: 23.791 Thread 0x000001c9f9af7430 Thread added: 0x000001c9f9af7430


Dynamic libraries:
0x00007ff7cc960000 - 0x00007ff7cc96e000 	C:\Users\User\.jdks\openjdk-17.0.1\bin\java.exe
0x00007ffd42570000 - 0x00007ffd42765000 	C:\Windows\SYSTEM32\ntdll.dll
0x00007ffd40b80000 - 0x00007ffd40c3d000 	C:\Windows\System32\KERNEL32.DLL
0x00007ffd3fe70000 - 0x00007ffd4013d000 	C:\Windows\System32\KERNELBASE.dll
0x00007ffd40140000 - 0x00007ffd40240000 	C:\Windows\System32\ucrtbase.dll
0x00007ffd3a6c0000 - 0x00007ffd3a6d8000 	C:\Users\User\.jdks\openjdk-17.0.1\bin\jli.dll
0x00007ffd3a6a0000 - 0x00007ffd3a6ba000 	C:\Users\User\.jdks\openjdk-17.0.1\bin\VCRUNTIME140.dll
0x00007ffd41f40000 - 0x00007ffd420e0000 	C:\Windows\System32\USER32.dll
0x00007ffd3f090000 - 0x00007ffd3f32a000 	C:\Windows\WinSxS\amd64_microsoft.windows.common-controls_6595b64144ccf1df_6.0.19041.1110_none_60b5254171f9507e\COMCTL32.dll
0x00007ffd3fc80000 - 0x00007ffd3fca2000 	C:\Windows\System32\win32u.dll
0x00007ffd40a20000 - 0x00007ffd40abe000 	C:\Windows\System32\msvcrt.dll
0x00007ffd41ae0000 - 0x00007ffd41b0a000 	C:\Windows\System32\GDI32.dll
0x00007ffd3fd60000 - 0x00007ffd3fe6b000 	C:\Windows\System32\gdi32full.dll
0x00007ffd402d0000 - 0x00007ffd4036d000 	C:\Windows\System32\msvcp_win.dll
0x00007ffd420e0000 - 0x00007ffd42110000 	C:\Windows\System32\IMM32.DLL
0x00007ffd3a5e0000 - 0x00007ffd3a5ec000 	C:\Users\User\.jdks\openjdk-17.0.1\bin\vcruntime140_1.dll
0x00007ffd39180000 - 0x00007ffd3920d000 	C:\Users\User\.jdks\openjdk-17.0.1\bin\msvcp140.dll
0x00007ffcf9980000 - 0x00007ffcfa53e000 	C:\Users\User\.jdks\openjdk-17.0.1\bin\server\jvm.dll
0x00007ffd41dc0000 - 0x00007ffd41e6e000 	C:\Windows\System32\ADVAPI32.dll
0x00007ffd41b50000 - 0x00007ffd41bec000 	C:\Windows\System32\sechost.dll
0x00007ffd41440000 - 0x00007ffd41565000 	C:\Windows\System32\RPCRT4.dll
0x00007ffd41b20000 - 0x00007ffd41b28000 	C:\Windows\System32\PSAPI.DLL
0x00007ffd3a5b0000 - 0x00007ffd3a5b9000 	C:\Windows\SYSTEM32\WSOCK32.dll
0x00007ffd41c70000 - 0x00007ffd41cdb000 	C:\Windows\System32\WS2_32.dll
0x00007ffd3c820000 - 0x00007ffd3c82a000 	C:\Windows\SYSTEM32\VERSION.dll
0x00007ffd29eb0000 - 0x00007ffd29ed7000 	C:\Windows\SYSTEM32\WINMM.dll
0x00007ffd3d7f0000 - 0x00007ffd3d802000 	C:\Windows\SYSTEM32\kernel.appcore.dll
0x00007ffd3a5c0000 - 0x00007ffd3a5ca000 	C:\Users\User\.jdks\openjdk-17.0.1\bin\jimage.dll
0x00007ffd3f6b0000 - 0x00007ffd3f894000 	C:\Windows\SYSTEM32\DBGHELP.DLL
0x00007ffd3f600000 - 0x00007ffd3f62c000 	C:\Windows\SYSTEM32\dbgcore.DLL
0x00007ffd40240000 - 0x00007ffd402c2000 	C:\Windows\System32\bcryptPrimitives.dll
0x00007ffd39330000 - 0x00007ffd3933e000 	C:\Users\User\.jdks\openjdk-17.0.1\bin\instrument.dll
0x00007ffd39360000 - 0x00007ffd39385000 	C:\Users\User\.jdks\openjdk-17.0.1\bin\java.dll
0x00007ffd0cd10000 - 0x00007ffd0cde6000 	C:\Users\User\.jdks\openjdk-17.0.1\bin\svml.dll
0x00007ffd40cf0000 - 0x00007ffd41434000 	C:\Windows\System32\SHELL32.dll
0x00007ffd3d040000 - 0x00007ffd3d7d4000 	C:\Windows\SYSTEM32\windows.storage.dll
0x00007ffd421d0000 - 0x00007ffd42524000 	C:\Windows\System32\combase.dll
0x00007ffd3ef10000 - 0x00007ffd3ef3c000 	C:\Windows\SYSTEM32\Wldp.dll
0x00007ffd40c40000 - 0x00007ffd40ced000 	C:\Windows\System32\SHCORE.dll
0x00007ffd40890000 - 0x00007ffd408e5000 	C:\Windows\System32\shlwapi.dll
0x00007ffd3fbc0000 - 0x00007ffd3fbdf000 	C:\Windows\SYSTEM32\profapi.dll
0x00007ffd39340000 - 0x00007ffd39358000 	C:\Users\User\.jdks\openjdk-17.0.1\bin\zip.dll
0x00007ffd3a220000 - 0x00007ffd3a239000 	C:\Users\User\.jdks\openjdk-17.0.1\bin\net.dll
0x00007ffd2cfe0000 - 0x00007ffd2d0ea000 	C:\Windows\SYSTEM32\WINHTTP.dll
0x00007ffd3ecf0000 - 0x00007ffd3ed5a000 	C:\Windows\system32\mswsock.dll
0x00007ffd39980000 - 0x00007ffd39995000 	C:\Users\User\.jdks\openjdk-17.0.1\bin\nio.dll
0x00007ffd39160000 - 0x00007ffd3917a000 	C:\Program Files\JetBrains\IntelliJ IDEA 2021.2.3\bin\breakgen64.dll
0x00007ffd39320000 - 0x00007ffd39330000 	C:\Users\User\.jdks\openjdk-17.0.1\bin\verify.dll
0x00007ffd39310000 - 0x00007ffd39319000 	C:\Users\User\.jdks\openjdk-17.0.1\bin\management.dll
0x00007ffd39150000 - 0x00007ffd3915b000 	C:\Users\User\.jdks\openjdk-17.0.1\bin\management_ext.dll
0x00007ffd0cfb0000 - 0x00007ffd0cfc7000 	C:\Windows\system32\napinsp.dll
0x00007ffd0cf90000 - 0x00007ffd0cfab000 	C:\Windows\system32\pnrpnsp.dll
0x00007ffd0cf70000 - 0x00007ffd0cf85000 	C:\Windows\system32\wshbth.dll
0x00007ffd3b9e0000 - 0x00007ffd3b9fd000 	C:\Windows\system32\NLAapi.dll
0x00007ffd3ea00000 - 0x00007ffd3ea3b000 	C:\Windows\SYSTEM32\IPHLPAPI.DLL
0x00007ffd3ea40000 - 0x00007ffd3eb0b000 	C:\Windows\SYSTEM32\DNSAPI.dll
0x00007ffd40b70000 - 0x00007ffd40b78000 	C:\Windows\System32\NSI.dll
0x00007ffd0cf50000 - 0x00007ffd0cf62000 	C:\Windows\System32\winrnr.dll
0x00007ffd2bcf0000 - 0x00007ffd2bcfa000 	C:\Windows\System32\rasadhlp.dll
0x00007ffd2bd50000 - 0x00007ffd2bdd0000 	C:\Windows\System32\fwpuclnt.dll
0x00007ffd40590000 - 0x00007ffd405b7000 	C:\Windows\System32\bcrypt.dll
0x00007ffd3fa10000 - 0x00007ffd3fa28000 	C:\Windows\SYSTEM32\CRYPTSP.dll
0x00007ffd3e6b0000 - 0x00007ffd3e6e4000 	C:\Windows\system32\rsaenh.dll
0x00007ffd3fb80000 - 0x00007ffd3fbae000 	C:\Windows\SYSTEM32\USERENV.dll
0x00007ffd3ee80000 - 0x00007ffd3ee8c000 	C:\Windows\SYSTEM32\CRYPTBASE.dll
0x00007ffd398b0000 - 0x00007ffd398c7000 	C:\Windows\SYSTEM32\dhcpcsvc6.DLL
0x00007ffd38820000 - 0x00007ffd3883d000 	C:\Windows\SYSTEM32\dhcpcsvc.DLL
0x00007ffd384c0000 - 0x00007ffd384ce000 	C:\Users\User\.jdks\openjdk-17.0.1\bin\sunmscapi.dll
0x00007ffd40370000 - 0x00007ffd404c6000 	C:\Windows\System32\CRYPT32.dll
0x00007ffd3f060000 - 0x00007ffd3f087000 	C:\Windows\SYSTEM32\ncrypt.dll
0x00007ffd3f020000 - 0x00007ffd3f05b000 	C:\Windows\SYSTEM32\NTASN1.dll
0x00007ffd384b0000 - 0x00007ffd384b7000 	C:\Windows\system32\wshunix.dll

dbghelp: loaded successfully - version: 4.0.5 - missing functions: none
symbol engine: initialized successfully - sym options: 0x614 - pdb path: .;C:\Users\User\.jdks\openjdk-17.0.1\bin;C:\Windows\SYSTEM32;C:\Windows\WinSxS\amd64_microsoft.windows.common-controls_6595b64144ccf1df_6.0.19041.1110_none_60b5254171f9507e;C:\Users\User\.jdks\openjdk-17.0.1\bin\server;C:\Program Files\JetBrains\IntelliJ IDEA 2021.2.3\bin

VM Arguments:
jvm_args: -javaagent:C:\Program Files\JetBrains\IntelliJ IDEA 2021.2.3\lib\idea_rt.jar=9489:C:\Program Files\JetBrains\IntelliJ IDEA 2021.2.3\bin -Dfile.encoding=UTF-8 
java_command: com.vmware.talentboost.ics.IcsApplication
java_class_path (initial): C:\Users\User\Desktop\ics\target\classes;C:\Users\User\.m2\repository\org\json\json\20220320\json-20220320.jar;C:\Users\User\.m2\repository\org\springframework\boot\spring-boot-starter-data-jpa\2.6.7\spring-boot-starter-data-jpa-2.6.7.jar;C:\Users\User\.m2\repository\org\springframework\boot\spring-boot-starter-aop\2.6.7\spring-boot-starter-aop-2.6.7.jar;C:\Users\User\.m2\repository\org\springframework\spring-aop\5.3.19\spring-aop-5.3.19.jar;C:\Users\User\.m2\repository\org\aspectj\aspectjweaver\1.9.7\aspectjweaver-1.9.7.jar;C:\Users\User\.m2\repository\org\springframework\boot\spring-boot-starter-jdbc\2.6.7\spring-boot-starter-jdbc-2.6.7.jar;C:\Users\User\.m2\repository\com\zaxxer\HikariCP\4.0.3\HikariCP-4.0.3.jar;C:\Users\User\.m2\repository\org\springframework\spring-jdbc\5.3.19\spring-jdbc-5.3.19.jar;C:\Users\User\.m2\repository\jakarta\transaction\jakarta.transaction-api\1.3.3\jakarta.transaction-api-1.3.3.jar;C:\Users\User\.m2\repository\jakarta\persistence\jakarta.persistence-api\2.2.3\jakarta.persistence-api-2.2.3.jar;C:\Users\User\.m2\repository\org\hibernate\hibernate-core\5.6.8.Final\hibernate-core-5.6.8.Final.jar;C:\Users\User\.m2\repository\org\jboss\logging\jboss-logging\3.4.3.Final\jboss-logging-3.4.3.Final.jar;C:\Users\User\.m2\repository\net\bytebuddy\byte-buddy\1.11.22\byte-buddy-1.11.22.jar;C:\Users\User\.m2\repository\antlr\antlr\2.7.7\antlr-2.7.7.jar;C:\Users\User\.m2\repository\org\jboss\jandex\2.4.2.Final\jandex-2.4.2.Final.jar;C:\Users\User\.m2\repository\com\fasterxml\classmate\1.5.1\classmate-1.5.1.jar;C:\Users\User\.m2\repository\org\hibernate\common\hibernate-commons-annotations\5.1.2.Final\hibernate-commons-annotations-5.1.2.Final.jar;C:\Users\User\.m2\repository\org\glassfish\jaxb\jaxb-runtime\2.3.6\jaxb-runtime-2.3.6.jar;C:\Users\User\.m2\repository\org\glassfish\jaxb\txw2\2.3.6\txw2-2.3.6.jar;C:\Users\User\.m2\repository\com\sun\istack\istack-commons-runtime\3.0.12\istack-commons-runtime-3.0.12.jar;C:\User
Launcher Type: SUN_STANDARD

[Global flags]
     intx CICompilerCount                          = 4                                         {product} {ergonomic}
     uint ConcGCThreads                            = 3                                         {product} {ergonomic}
     uint G1ConcRefinementThreads                  = 10                                        {product} {ergonomic}
   size_t G1HeapRegionSize                         = 4194304                                   {product} {ergonomic}
    uintx GCDrainStackTargetSize                   = 64                                        {product} {ergonomic}
   size_t InitialHeapSize                          = 402653184                                 {product} {ergonomic}
   size_t MarkStackSize                            = 4194304                                   {product} {ergonomic}
   size_t MaxHeapSize                              = 6404702208                                {product} {ergonomic}
   size_t MaxNewSize                               = 3841982464                                {product} {ergonomic}
   size_t MinHeapDeltaBytes                        = 4194304                                   {product} {ergonomic}
   size_t MinHeapSize                              = 8388608                                   {product} {ergonomic}
    uintx NonNMethodCodeHeapSize                   = 5839372                                {pd product} {ergonomic}
    uintx NonProfiledCodeHeapSize                  = 122909434                              {pd product} {ergonomic}
    uintx ProfiledCodeHeapSize                     = 122909434                              {pd product} {ergonomic}
    uintx ReservedCodeCacheSize                    = 251658240                              {pd product} {ergonomic}
     bool SegmentedCodeCache                       = true                                      {product} {ergonomic}
   size_t SoftMaxHeapSize                          = 6404702208                             {manageable} {ergonomic}
     bool UseCompressedClassPointers               = true                           {product lp64_product} {ergonomic}
     bool UseCompressedOops                        = true                           {product lp64_product} {ergonomic}
     bool UseG1GC                                  = true                                      {product} {ergonomic}
     bool UseLargePagesIndividualAllocation        = false                                  {pd product} {ergonomic}

Logging:
Log output configuration:
 #0: stdout all=warning uptime,level,tags
 #1: stderr all=off uptime,level,tags

Environment Variables:
JAVA_HOME=C:\Program Files\Java\jdk-17.0.2
PATH=C:\Program Files (x86)\Common Files\Oracle\Java\javapath;C:\Program Files (x86)\VMware\VMware Player\bin\;C:\Program Files (x86)\Intel\Intel(R) Management Engine Components\iCLS\;C:\Program Files\Intel\Intel(R) Management Engine Components\iCLS\;C:\Windows\system32;C:\Windows;C:\Windows\System32\Wbem;C:\Windows\System32\WindowsPowerShell\v1.0\;C:\Windows\System32\OpenSSH\;C:\Program Files (x86)\NVIDIA Corporation\PhysX\Common;C:\Program Files (x86)\Intel\Intel(R) Management Engine Components\DAL;C:\Program Files\Intel\Intel(R) Management Engine Components\DAL;C:\Program Files (x86)\Intel\Intel(R) Management Engine Components\IPT;C:\Program Files\Intel\Intel(R) Management Engine Components\IPT;C:\Program Files\Microsoft SQL Server\150\Tools\Binn\;C:\Program Files\Microsoft SQL Server\Client SDK\ODBC\170\Tools\Binn\;C:\Program Files\dotnet\;C:\Program Files\NVIDIA Corporation\NVIDIA NvDLISR;C:\Program Files\Git\cmd;C:\Program Files (x86)\Microsoft SQL Server\150\Tools\Binn\;C:\Program Files\Microsoft SQL Server\150\DTS\Binn\;C:\Program Files\PuTTY\;C:\Program Files\MATLAB\MATLAB Production Server\R2015a\runtime\win64;C:\Program Files\MATLAB\MATLAB Production Server\R2015a\bin;C:\Program Files\MATLAB\MATLAB Production Server\R2015a\polyspace\bin;C:\Program Files (x86)\Microsoft SQL Server\150\DTS\Binn\;C:\Program Files\Azure Data Studio\bin;C:\Program Files\Docker\Docker\resources\bin;C:\ProgramData\DockerDesktop\version-bin;C:\Program Files\nodejs\;C:\Users\User\AppData\Local\Microsoft\WindowsApps;C:\Users\User\.dotnet\tools;C:\Program Files\JetBrains\IntelliJ IDEA 2021.2.3\bin;;C:\Program Files\JetBrains\CLion 2021.2.3\bin;;C:\Users\User\AppData\Local\Programs\Microsoft VS Code\bin;C:\Users\User\AppData\Local\GitHubDesktop\bin;C:\Users\User\source\apache-maven-3.8.4\bin;;C:\Program Files\Azure Data Studio\bin;C:\Users\User\AppData\Roaming\npm
USERNAME=User
OS=Windows_NT
PROCESSOR_IDENTIFIER=Intel64 Family 6 Model 158 Stepping 10, GenuineIntel



---------------  S Y S T E M  ---------------

OS:
 Windows 10 , 64 bit Build 19041 (10.0.19041.1706)
OS uptime: 7 days 8:05 hours
Hyper-V role detected

CPU: total 12 (initial active 12) (6 cores per cpu, 2 threads per core) family 6 model 158 stepping 10 microcode 0xd2, cx8, cmov, fxsr, ht, mmx, 3dnowpref, sse, sse2, sse3, ssse3, sse4.1, sse4.2, popcnt, lzcnt, tsc, tscinvbit, avx, avx2, aes, erms, clmul, bmi1, bmi2, adx, fma, vzeroupper, clflush, clflushopt, hv

Memory: 4k page, system-wide physical 24431M (3288M free)
TotalPageFile size 83970M (AvailPageFile size 13M)
current process WorkingSet (physical memory assigned to process): 232M, peak: 269M
current process commit charge ("private bytes"): 279M, peak: 565M

vm_info: OpenJDK 64-Bit Server VM (17.0.1+12-39) for windows-amd64 JRE (17.0.1+12-39), built on Sep 27 2021 18:39:29 by "mach5one" with MS VC++ 16.8 (VS2019)

END.
